2019.11.20 20:05:25
Имя: 1243
Телефон: 123
Почта: asfd@qwre
Сообщение: qweqwe
Адрес страницы: http://worc6/

2019.11.20 20:20:57
Имя: AB1231232
Телефон: 2123123
Почта: значение не указано
Сообщение: значение не указано
Адрес страницы: http://worc6/

2019.11.20 21:04:08
Телефон: +375291231233
Адрес страницы: http://worc6/

2019.11.20 21:04:13
Телефон: 21324124
Адрес страницы: http://worc6/

2019.11.20 21:05:12
Телефон: 123456789
Адрес страницы: http://worc6/

2019.11.21 19:16:25
Имя: значение не указано
Телефон: 45678
Почта: значение не указано
Сообщение: значение не указано
Адрес страницы: http://worc6/

2019.11.21 19:16:44
Телефон: +375 (33) 123-12-12
Адрес страницы: http://worc6/

2019.11.21 20:20:19
Телефон: +375 (29) 345-34-34
Адрес страницы: http://worc6/

2019.12.07 19:58:21
Имя: asdfghjkl
Телефон: +375(29)4444444
Дополнительная информация: Услуга 1
Адрес страницы: http://worc6/services

2019.12.11 20:32:47
Имя: sdfgh
Телефон: 123456
Адрес страницы: http://projecttop/#

2019.12.11 20:32:57
Имя: sdfgh
Телефон: 123456
Адрес страницы: http://projecttop/#

2019.12.11 20:33:04
Имя: sdfgh
Телефон: 123456
Адрес страницы: http://projecttop/#

2019.12.11 20:51:21
Имя: значение не указано
Телефон: uuu
Адрес страницы: http://projecttop/#service1

2019.12.11 20:51:22
Имя: значение не указано
Телефон: uuu
Адрес страницы: http://projecttop/#service1

2019.12.11 20:51:37
Имя: iii
Телефон: uuu
Адрес страницы: http://projecttop/#service1

2019.12.11 20:51:40
Имя: iii
Телефон: uuu
Адрес страницы: http://projecttop/#service1

2019.12.11 20:57:39
Имя: 789
Телефон: 56789
Адрес страницы: http://projecttop/#service1

2019.12.15 14:24:19
Имя: апролд
Телефон: 345678
Адрес страницы: http://projecttop/#service1

